0.000062
0.000002
0.000002
0.000001
0.000001
0.000001
0.000001
0.000000
0.000001
0.000060
0.000060
0.000060
0.000050
0.000044
0.000039
0.000031
0.000019
0.000000
0.000000
0.000000
0.000000
0.000000
0.000000
0.000000
0.000000
0.000000
0.000000
0.000000
0.000000
0.000000
0.000000
0.000000
0.000000
0.000000
0.000000
0.000000
0.000000
0.000000
0.000000
0.000000
0.000000
0.000000
0.000000
0.000001
0.000003
0.000107
0.000168
0.000236
0.000295
0.000399
0.000618
0.000636
0.000642
0.000644
0.000644
0.000644
0.000644
0.000645
0.000647
0.000650
0.000653
0.002453
0.002054
0.001901
0.001817
0.001744
0.001694
0.001675
0.001622
0.001587
0.001525
0.001074
0.001053
0.001115
0.001121
0.001130
0.001136
0.001151
0.001191
0.001156
0.001037
0.000385
0.000196
0.000200
0.000322
0.000421
0.000548
0.000878
0.001010
0.001101
0.001183
0.001459
0.001293
0.001483
0.001491
0.000386
0.000422
0.000564
0.000729
0.000915
0.001101
0.001190
0.001230
0.001258
0.001270
0.001284
0.001287
0.001289
0.001292
0.001294
0.001292
0.001160
0.001006
0.001020
0.001306
0.001438
0.001529
0.001634
0.001756
0.001867
0.002010
0.002115
0.002177
0.002260
0.002527
0.003133
0.004155
0.004157
0.004147
0.004152
0.004165
0.004227
0.004295
0.004400
0.004593
0.004653
0.004764
0.004803
0.004810
0.011561
0.011698
0.011939
0.011985
0.012098
0.012307
0.012544
0.013388
0.013731
0.013879
0.014007
0.014128
0.018579
0.018747
0.019121
0.019269
0.019283
0.019277
0.019274
0.019274
0.019271
0.019274
0.019275
0.019274
0.019268
0.019267
0.019266
0.019268
0.019268
0.019169
0.018870
0.005343
0.005340
0.000141
0.000002
0.000001
0.000000
0.000000
0.000000
0.000000
0.000000
0.000000
0.000000
0.000000
0.000000
0.000000
0.000000
0.000000
0.000000
0.000000
0.000000
0.000000
0.000000
0.000000
0.000000
0.000000
0.000000
0.000000
0.000000
0.000000
0.000000
0.000000
0.000000
0.000000
0.000000
0.000000
0.000000
0.000000
0.000000
0.000000
0.000000
0.000000
0.000000
0.000000
0.000000
0.000000
0.000000
0.000000
0.000000
0.000000
0.000000
0.000000
0.000000
0.000000
0.000000
0.000000
0.000000
0.000000
0.000000
0.000000
0.000000
0.000000
0.000000
0.000000
0.000000
0.000000
0.000000
0.000000
0.000000
0.000000
0.000000
0.000000
0.000000
0.000000
0.000000
0.000000
0.000000
0.000000
0.000000
0.000000
0.000000
0.000000
0.000000
0.000000
0.000000
0.000000
0.000000
0.000000
0.000000
0.000000
0.000000
0.000000
0.000000
0.000000
0.000000
0.000000
0.000000
0.000000
0.000000
0.000000
0.000000
0.000000
0.000000
0.000000
0.000000
0.000000
0.000000
0.000000
0.000000
0.000000
0.000000
0.000000
0.000000
0.000000
0.000000
0.000000
0.000000
0.000000
0.000000
0.000000
0.000000
0.000000
0.000000
0.000000
0.000000
0.000000
0.000000
0.000000
0.000000
0.000000
0.000000
0.000000
0.000000
0.000000
0.000000
0.000000
0.000000
0.000000
0.000000
0.000000
0.000000
0.000000
0.000000
0.000000
0.000000
0.000000
0.000000
0.000000
0.000000
0.000000
0.000000
0.000000
0.000000
0.000000
0.000000
0.000000
0.000000
0.000000
0.000000
0.000000
0.000000
0.000000
0.000000
0.000000
0.000000
0.000000
0.000000
0.000000
0.000000
0.000000
0.000000
0.000000
0.000000
0.000000
0.000000
0.000000
0.000000
0.000000
0.000000
0.000000
0.000000
0.000000
0.000000
0.000000
0.000000
0.000000
0.000000
0.000000
0.000000
0.000000
0.000000
0.000000
0.000000
0.000000
0.000000
0.000000
0.000000
0.000000
0.000000
0.000000
0.000000
0.000000
0.000000
0.000000
0.000000
0.000000
0.000000
0.000000
0.000000
0.000000
0.000000
0.000000
0.000000
0.000000
0.000000
0.000000
0.000000
0.000000
0.000000
0.000000
0.000000
0.000000
0.000000
0.000000
0.000000
0.000000
0.000000
0.000000
0.000000
0.000000
0.000000
0.000000
0.000000
0.000000
0.000000
0.000000
0.000000
0.000000
0.000000
0.000000
0.000000
0.000000
0.000000
0.000000
0.000000
0.000000
0.000000
0.000000
0.000000
0.000000
0.000000
0.000000
0.000000
0.000000
0.000000
0.000000
0.000000
0.000000
0.000000
0.000000
0.000000
0.000000
0.000000
0.000000
0.000000
0.000000
0.000000
0.000000
0.000000
0.000000
0.000000
0.000000
0.000000
0.000000
0.000000
0.000000
0.000000
0.000000
0.000000
0.000000
0.000000
0.000000
0.000000
0.000000
0.000000
0.000000
0.000000
0.000000
0.000000
0.000000
0.000000
0.000000
0.000000
0.000000
0.000000
0.000000
0.000000
0.000000
0.000000
0.000000
0.000000
0.000000
0.000000
0.000000
0.000000
0.000000
0.000000
0.000000
0.000000
0.000000
0.000000
0.000000
0.000000
0.000000
0.000000
0.000000
0.000000
0.000000
0.000000
0.000000
0.000000
0.000000
0.000000
0.000000
0.000000
0.000000
0.000000
0.000000
0.000000
0.000000
0.000000
0.000000
0.000000
0.000000
0.000000
0.000000
0.000000
0.000000
0.000000
0.000000
0.000000
0.000000
0.000000
0.000000
0.000000
0.000000
0.000000
0.000000
0.000000
0.000000
0.000000
0.000000
0.000000
0.000000
0.000000
0.000000
0.000000
0.000000
0.000000
0.000000
0.000000
0.000000
0.000000
0.000000
0.000000
0.000000
0.000000
0.000000
0.000000
0.000000
0.000000
0.000000
0.000000
0.000000
0.000000
0.000000
0.000000
0.000000
0.000000
0.000000
0.000001
0.000000
0.000001
0.000000
0.000000
0.000000
0.000000
0.000000
0.000000
0.000000
0.000000
0.000000
0.000000
0.000000
0.000001
0.000001
0.000001
0.000001
0.000001
0.000001
0.000001
0.000001
0.000000
0.000000
0.000000
0.000000
0.001779
0.001780
0.001780
0.001781
0.001780
0.001781
0.001782
0.001780
0.001778
0.001775
0.001775
0.001772
0.001773
0.001772
0.001769
0.001767
0.001768
0.001775
0.280497
0.267767
0.004400
0.015830
0.236607
0.253323
0.275573
0.278597
0.024922
0.321597
0.336063
0.351567
0.365378
0.388804
0.400583
0.426585
0.439056
0.449948
0.455423
0.458854
0.458835
0.458088
0.425784
0.456685
0.461043
0.000000
0.000000
0.000000
0.000000
0.000000
0.000000
0.000001
0.000001
0.000000
0.000000
0.000000
0.000000
0.000000
0.000000
0.000000
0.000000
0.000000
0.000000
0.000000
0.000000
0.000000
0.000000
0.000000
0.000000
0.000000
0.000000
0.000000
0.000000
0.000000
0.000000
0.000000
0.000000
0.000000
0.000000
0.000000
0.000000
0.000000
0.000000
0.000000
0.000000
0.000000
0.000000
0.000000
0.000000
0.000001
0.000000
0.000000
0.000000
0.000000
0.000000
0.000000
0.000001
0.000001
0.000001
0.000000
0.000000
0.000000
0.000000
0.000000
0.000000
0.000000
0.000000
0.000000
0.000000
0.000000
0.000000
0.000000
0.000000
0.000001
0.000003
0.000000
0.000000
0.000000
0.000000
0.000000
0.000000
0.000000
0.000000
0.000000
0.000000
0.000000
0.000000
0.000000
0.000000
0.000000
0.000000
0.000000
0.000000
0.000000
0.000000
0.000000
0.000000
0.000000
0.000000
0.000000
0.000000
0.000000
0.000000
0.000000
0.000000
0.000000
0.000000
0.000000
0.000000
0.000000
0.000000
0.000000
0.000000
0.000000
0.000001
0.000003
0.000001
0.000001
0.000001
0.000000
0.000000
0.000001
0.000000
0.000000
0.000000
0.000000
0.000000
0.000001
0.000000
0.000000
0.000000
0.000000
0.000000
0.000000
0.000000
0.000000
0.000000
0.000000
0.000000
0.000000
0.000000
0.000000
0.000000
0.000000
0.000000
0.000000
0.000000
0.000000
0.000000
0.000000
0.000001
0.000003
0.000000
0.000000
0.000000
0.000000
0.000000
0.000000
0.000000
0.000000
0.000000
0.000000
0.000000
0.000000
0.000000
0.000000
0.000000
0.000000
0.000000
0.000000
0.000000
0.000000
0.000000
0.000000
0.000000
0.000000
0.000000
0.000000
0.000000
0.000000
0.000000
0.000000
0.000002
0.000003
0.000001
0.000000
0.000000
0.000000
0.000000
0.000000
0.000001
0.000002
0.000002
0.000002
0.000002
0.000014
0.000001
0.000000
0.000000
0.000000
0.000000
0.000000
0.000001
0.000001
0.000001
0.000000
0.000000
0.000000
0.000000
0.000001
0.000000
0.000000
0.000000
0.000000
0.000000
0.000000
0.000000
0.000000
0.000000
0.000000
0.000000
0.000000
0.000000
0.000000
0.000000
0.000000
0.000000
0.000000
0.000000
0.000000
0.000000
0.000000
0.000000
0.000000
0.000000
0.000000
0.000000
0.000000
0.000000
0.000000
0.000000
0.000000
0.000000
0.000000
0.000000
0.000000
0.000000
0.000000
0.000000
0.000000
0.000001
0.000002
0.000002
0.000000
0.000000
0.000000
0.000001
0.000001
0.000000
0.000000
0.000000
0.446726
0.442365
0.001812
0.003753
0.404820
0.412137
0.414386
0.417970
0.419980
0.423839
0.425923
0.429300
0.449408
0.451550
0.456144
0.461791
0.465963
0.473714
0.483332
0.485619
0.488674
0.491067
0.495471
0.499693
0.530466
0.000786
0.000001
0.000001
0.000001
0.000001
0.000000
0.000000
0.000000
0.000000
0.000000
0.000000
0.000000
0.000000
0.000000
0.000001
0.000000
0.000000
0.000000
0.000000
0.000000
0.000001
0.000001
0.000001
0.000001
0.000002
0.000000
0.000000
0.000000
0.000000
0.000000
0.000000
0.000000
0.000000
0.000000
0.000001
0.000001
0.000000
0.000000
0.000002
0.000000
0.000000
0.000000
0.000000
0.000000
0.000000
0.000000
0.000000
0.000000
0.000000
0.000000
0.000000
0.000000
0.000000
0.000000
0.000000
0.000000
0.000000
0.000000
0.000000
0.000000
0.000000
0.000000
0.000000
0.000000
0.000000
0.000001
0.000000
0.000000
0.000001
0.000001
0.000000
0.000000
0.000000
0.000000
0.000000
0.000000
0.000000
0.000000
0.000000
0.000000
0.000000
0.000000
0.000000
0.000000
0.000000
0.000000
0.000000
0.000000
0.000000
0.000000
0.000002
0.000008
0.000001
0.000000
0.000001
0.000003
0.000005
0.000001
0.000001
0.000002
0.000001
0.000001
0.000002
0.000000
0.000000
0.000000
0.000000
0.000000
0.000001
0.000001
0.000000
0.000000
0.000001
0.000001
0.000001
0.000001
0.000002
0.000002
0.000001
0.000001
0.000001
0.000000
0.000000
0.000000
0.000000
0.000001
0.000000
0.000000
0.000001
0.000003
0.000001
0.000001
0.000001
0.000000
0.000000
0.000000
0.000000
0.000000
0.000000
0.000000
0.000000
0.000004
0.000001
0.000000
0.000000
0.000000
0.000000
0.000000
0.000000
0.000000
0.000001
0.000000
0.000000
0.000000
0.000000
0.000000
0.000000
0.000000
0.000001
0.000001
0.000001
0.000002
0.000001
0.000001
0.000002
0.000000
0.000000
0.000000
0.000000
0.000000
0.000000
0.000000
0.000001
0.000000
0.000001
0.000812
0.000000
0.000000
0.000000
0.000000
0.000001
0.000001
0.000001
0.000002
0.000004
0.000006
0.000018
0.000001
0.000001
0.000000
0.000000
0.000000
0.000000
0.000001
0.000001
0.000000
0.000001
0.000003
0.000000
0.000001
0.000001
0.000001
0.000001
0.000000
0.000001
0.000001
0.000000
0.000000
0.000000
0.000001
0.000001
0.000001
0.000002
0.000001
0.000001
0.000004
0.000026
0.000038
0.000039
0.000021
0.000022
0.000002
0.000001
0.000001
0.000000
0.000000
0.000000
0.000001
0.000001
0.000001
0.000001
0.000001
0.000001
0.000001
0.000001
0.000001
0.000026
0.000024
0.000005
0.000006
0.000010
0.000011
0.000000
0.000001
0.000002
0.000001
0.000003
0.000001
0.000004
0.000004
0.000005
0.000005
0.004790
0.001638
0.000003
0.000003
0.000002
0.000002
0.000005
0.000005
0.000003
0.000003
0.000039
0.000038
0.000054
0.000006
0.093484
0.075138
0.068046
0.064306
0.061676
0.059838
0.053253
0.043609
0.030411
0.027951
0.025161
0.005093
0.006325
0.007053
0.006592
0.002981
0.002855
0.002830
0.002763
0.003539
0.004399
0.004257
0.004538
0.011736
0.011558
0.013862
0.016543
0.018170
0.019787
0.019627
0.019458
0.018369
0.014877
0.019684
0.019490
0.019239
0.019325
0.018876
0.001397
0.001395
0.001284
0.001265
0.000299
0.000296
0.007747
0.007915
0.010432
0.010081
0.009820
0.009695
0.009559
0.009469
0.009490
0.008729
0.008557
0.008233
0.008004
0.007640
0.006973
0.005828
0.004261
0.004296
0.002782
0.003477
0.004457
0.004468
0.005387
0.005806
0.006186
0.009615
0.009158
0.008867
0.008617
0.007272
0.007411
0.004371
0.004316
0.009436
0.008820
0.010415
0.012194
0.013429
0.013622
0.013399
0.011206
0.010679
0.009018
0.009762
0.000369
0.000374
0.000172
0.000193
0.000238
0.000271
0.000341
0.000395
0.000580
0.000814
0.001109
0.001396
0.001508
0.001535
0.001674
0.001803
0.001996
0.012712
0.013104
0.013476
0.015651
0.013898
0.016384
0.016892
0.018782
0.018235
0.017404
0.017027
0.015667
0.013682
0.012734
0.001114
0.001236
0.009038
0.009209
0.561925
0.571023
0.577916
0.576797
0.580137
0.582997
0.585683
0.591733
0.586454
0.582650
0.578222
0.571425
0.548556
0.519882
0.511427
0.506566
0.046592
0.548306
0.800192
0.785290
0.723194
0.004694
0.002600
0.492969
0.476992
0.454977
0.437227
0.450352
0.433229
0.404102
0.382385
0.385824
0.390290
0.417829
0.417781
0.422189
0.417934
0.379085
0.370055
0.366770
0.360932
0.330624
0.320673
0.083299
0.080295
0.350984
0.366076
0.369135
0.382862
0.367562
0.372062
0.374957
0.424237
0.413174
0.435817
0.442359
0.446365
0.443054
0.432491
0.423380
0.429648
0.430936
0.428089
0.461782
0.457894
0.446453
0.493606
0.519490
0.495432
0.356731
0.550946
0.160891
0.531886
0.869844
1.171183
1.310094
1.491177
1.668667
1.927751
2.047068
2.128924
2.274392
2.315088
2.339134
2.266559
2.227077
2.090254
1.974862
1.850094
1.501523
1.417887
0.000103
0.197434
0.190110
0.015421
0.105974
0.113601
0.112755
0.106348
0.003239
0.086512
0.087067
0.000189
0.000146
0.000117
0.000061
0.000052
0.000033
0.000036
0.000026
0.000016
0.000031
0.000032
0.000027
0.000032
0.000598
0.000534
0.000629
0.004419
0.014015
0.173254
0.251510
0.333903
0.403684
1.423356
1.427415
1.423381
1.422564
1.456073
0.442742
0.436181
1.087373
1.099957
0.657324
0.657530
1.554756
1.567199
0.051362
0.050071
0.048503
0.047772
0.045962
1.403703
1.360905
1.346993
1.323208
1.305355
1.232830
1.114885
0.977763
0.947221
0.420971
0.710572
0.691264
0.699215
0.690941
0.624610
0.614182
0.596780
0.580777
0.299951
0.286279
0.255383
0.221941
0.235760
0.235137
0.231772
0.226280
0.225450
0.223414
0.013775
0.013716
0.169107
0.170314
0.164396
0.017385
0.174194
0.567833
0.000013
0.000021
0.000011
0.000037
0.000028
0.000018
0.000012
0.000012
0.000009
0.000011
0.000009
0.000007
0.000006
0.000009
0.000010
0.000006
0.000015
0.000006
0.000018
0.000015
0.000040
0.000036
0.000012
0.000009
0.000008
0.000006
0.000007
0.000014
0.000301
0.000232
0.000164
0.000041
0.000036
0.000010
0.000007
0.000004
0.000003
0.000004
0.000006
0.000006
0.000011
0.000018
0.000014
0.000014
0.000005
0.000008
0.000014
0.000010
0.000025
0.000014
0.000012
0.000006
0.000005
0.000006
0.000007
0.000019
0.000012
0.000024
0.000011
0.000008
0.000008
0.000010
0.000007
0.000007
0.000007
0.000005
0.000007
0.000013
0.000014
0.000017
0.000007
0.000031
0.000015
0.000011
0.000012
0.000014
0.000020
0.000078
0.000074
0.000047
0.000033
0.000024
0.000015
0.000011
0.000019
0.000036
0.000105
0.000144
0.000189
0.429613
0.438985
0.441593
0.441823
0.439605
0.056835
0.464931
0.768870
0.790302
0.812188
0.932829
0.967312
1.006658
0.605119
0.673389
1.887536
2.080340
2.153892
2.139193
2.096663
2.060159
1.914478
0.055834
0.098039
0.317394
0.295330
0.278322
0.007089
0.007404
0.001550
0.191714
0.197244
0.209612
0.221757
0.000344
0.000760
0.000771
0.000620
0.001079
0.001632
1.586520
1.625221
1.666688
1.707282
1.748309
1.865321
1.841978
1.809297
1.695136
1.643288
1.576041
0.951778
0.935063
1.394673
0.003681
0.003469
0.003463
0.003404
0.003539
1.302220
1.375681
1.428871
1.418223
0.188456
0.188970
0.189019
0.188991
0.188972
0.188682
0.187325
0.186322
0.185955
0.186393
0.181720
0.000051
0.000015
0.000010
0.000006
0.000002
0.000005
0.000003
0.000004
0.000003
0.000005
0.000014
0.000019
0.000012
0.000027
0.000029
0.000020
0.000002
0.000002
0.000002
0.000001
0.000002
0.000002
0.000002
0.000002
0.000003
0.000002
0.000002
0.000001
0.000003
0.000003
0.000003
0.000003
0.000006
0.000018
0.000002
0.000001
0.000002
0.000002
0.000003
0.000009
0.000009
0.000002
0.000003
0.000005
0.000004
0.000002
0.000001
0.000003
0.000001
0.000002
0.000006
0.000005
0.000007
0.000006
0.000009
0.000088
0.000094
0.000293
0.000231
1.529537
1.526705
1.504773
1.450989
1.437476
1.446088
1.416782
1.415306
1.388210
1.112846
1.051962
0.525570
0.788000
0.778894
0.352838
0.359335
0.003070
0.010707
0.348742
0.350204
0.545624
1.061391
1.065129
0.512481
0.539381
0.239575
0.242423
0.242639
0.755818
0.016460
0.001936
1.238875
1.278769
1.358366
1.399590
1.447825
1.393372
1.501186
1.556946
1.143591
2.408359
2.586250
2.627050
0.209238
0.209304
0.209346
0.210485
0.211418
0.210253
0.210993
0.210047
0.210050
0.209516
0.005397
0.193064
0.196647
0.200816
0.200901
0.200596
0.001673
0.001583
0.000405
0.000307
0.000272
0.000239
0.188321
0.189812
0.190204
0.192020
0.193836
0.197423
0.198133
2.728014
2.745937
2.920206
3.126024
3.228840
3.331963
3.380632
3.393379
3.400937
3.389892
3.251236
3.313804
3.363609
3.390402
3.428322
3.437351
3.408131
3.101823
2.885709
1.038271
2.240204
2.324246
2.389696
2.456408
2.440580
0.009264
2.639150
0.001782
0.001213
0.000835
0.000087
0.000272
0.000330
0.000487
0.000562
0.000423
0.000467
0.000504
0.000538
0.000579
0.000646
0.000713
0.000786
0.000799
0.000818
0.000855
0.000783
0.000034
0.000037
0.000017
0.000014
0.000006
0.000009
0.000007
0.000005
0.000199
0.000095
0.000092
0.000093
0.000102
0.000093
0.000093
0.000097
0.000106
0.000128
0.000100
0.000098
0.000105
0.000107
0.000105
0.000140
0.000167
0.000229
0.000144
0.000158
0.000151
0.000143
0.000150
0.000167
0.000163
0.000160
0.000150
0.000138
0.000102
0.000016
0.000011
0.000014
0.000019
0.000022
0.000211
0.000228
0.000253
0.000293
0.000300
0.000314
0.000311
0.000305
0.000011
0.000019
0.000007
0.000014
0.000008
0.000006
0.000022
0.000007
0.000009
0.000012
0.000010
0.000008
0.000007
0.000008
0.000008
0.000415
0.000455
0.000677
0.000802
0.000875
0.000918
0.000933
0.000941
0.000944
0.000954
0.000941
0.000948
0.000942
0.000954
0.001006
0.000967
0.000949
0.001020
0.001007
0.000955
0.000934
0.000931
0.000884
0.000788
0.000043
0.000045
0.000041
0.000036
0.000053
0.000049
0.000048
0.000526
0.000927
0.001029
0.001155
0.001477
2.622090
2.650773
2.689414
2.634696
2.563879
0.088926
0.084876
0.148721
0.077111
0.078457
0.079171
0.082442
0.094850
0.096853
0.099955
0.105715
0.231282
1.986659
2.017900
2.052843
0.068269
2.118326
2.334430
2.373793
0.026886
0.030070
0.035946
0.108878
0.123424
0.162262
0.178894
0.194979
0.201010
0.203247
2.489313
2.513391
0.037655
0.035815
0.000246
0.000210
0.000099
2.634049
2.651580
2.747346
2.802940
2.863802
2.940429
2.967581
0.006122
2.998216
3.026135
3.038253
3.047986
3.045406
2.974290
2.907936
2.863943
2.866242
2.871813
2.794463
2.736824
2.713962
2.673379
2.153130
2.117512
2.063185
2.290904
0.005528
0.005387
0.005100
0.005071
2.259636
0.000488
0.000594
0.002883
2.000695
1.980624
1.963839
0.001268
0.001171
0.001170
0.000814
0.000766
0.000711
0.000997
0.001157
0.001313
0.001410
0.001515
0.001639
0.001804
0.002000
0.002060
0.002155
1.934038
1.900309
1.848590
1.817671
1.776164
1.709373
1.653328
1.536210
1.513901
1.482191
0.009079
0.008042
0.791727
0.573397
0.001024
0.001092
0.001926
0.007083
0.006570
0.007730
0.008186
0.558419
0.552536
0.662061
0.000232
0.001032
0.001054
0.000978
0.000915
0.000277
0.001097
0.001119
0.001113
0.001115
0.001123
0.001105
0.001098
0.001062
0.001051
0.001044
0.001037
0.001009
0.000968
0.000841
0.000771
0.000634
0.000671
0.000637
0.000511
0.000401
0.000335
0.000304
0.000256
0.000174
0.000173
0.000012
0.000006
0.000072
0.000089
0.000109
0.000125
0.000152
0.000191
0.000193
0.000646
0.000655
0.000745
0.000724
0.000792
0.000805
0.000852
0.000871
0.000882
0.000896
0.000913
0.000942
0.000936
0.652342
0.636474
0.599015
0.571029
0.541079
0.509474
0.422328
0.410022
0.029126
0.022150
0.018631
0.020017
0.017448
0.013789
0.017518
0.009548
0.005522
0.006621
0.006882
0.250451
0.239467
0.231091
0.017462
0.015654
0.011222
0.009945
0.416956
0.399102
0.403887
0.272301
0.273686
0.301654
0.299682
0.281974
0.135214
0.122615
0.106048
0.101832
0.022728
0.021058
0.021370
0.069256
0.071447
0.073551
0.016044
0.016887
0.296656
0.310897
0.314312
0.322730
0.323352
0.244009
0.243686
0.229125
0.224330
0.225062
0.222113
0.220646
0.001404
0.169350
0.171128
0.170991
0.171630
0.167332
0.164304
0.233553
0.231861
0.135096
0.333634
0.000107
0.000082
0.000084
0.000069
0.000073
0.000056
0.000136
0.465730
0.602413
0.597763
0.545795
0.455159
0.429182
0.408761
0.133876
0.119135
0.086377
0.056923
0.040024
0.045063
0.376614
0.396451
0.417288
0.427482
0.072750
0.254598
0.418312
0.477707
0.813609
0.736810
0.824965
0.943580
0.362561
1.382749
2.236318
2.397877
2.884311
3.289196
3.819906
0.002777
0.003541
0.000218
0.000617
0.000948
0.001185
0.002242
0.004677
4.486822
5.332169
6.030029
6.060205
6.075515
0.002305
6.071682
6.036114
6.009867
5.985696
5.960958
5.910575
5.939428
5.925676
5.906199
5.892128
5.841012
5.959362
6.020168
6.015948
6.006459
5.763846
5.732459
5.762036
5.752138
5.748463
5.750160
5.718390
5.373791
4.959672
4.670411
4.436175
2.915601
2.636904
0.006061
0.005051
0.004808
2.244794
1.050401
0.000452
0.000170
0.000072
0.000046
0.000044
0.000037
0.000037
0.000050
0.000142
0.000387
0.000248
0.000394
0.010525
2.769028
3.583187
4.204575
0.000307
0.000347
0.000422
5.574103
5.588612
5.580337
5.505798
0.010360
0.008121
5.448197
5.342220
5.234294
5.100478
4.928432
4.807894
0.002967
0.000856
0.000544
0.000252
0.000129
0.000095
0.000024
0.000025
0.000028
0.000041
0.000096
0.000015
0.000006
0.000009
0.000022
0.000140
0.000056
0.000038
0.000021
0.000021
0.000047
0.000022
0.000157
0.000014
0.000008
0.000007
0.000003
0.000002
0.000005
0.000005
0.000003
0.000004
0.000038
0.000036
0.000033
0.000034
0.000040
0.000005
0.000003
0.000003
0.000005
0.000007
0.000006
0.000008
0.000006
0.000022
0.000021
0.000039
0.000023
0.000022
0.000015
0.000022
0.000053
0.000066
4.691292
4.569644
4.474634
4.351067
3.993920
3.686802
0.241377
0.207471
1.745063
0.123283
0.051361
0.053147
0.003253
0.002653
0.000894
0.000775
0.000664
0.000618
0.000482
0.003494
0.003161
0.002958
0.002713
0.001840
0.001236
0.001587
0.003936
0.003855
0.000875
0.000567
0.000449
0.000392
0.000345
0.000297
0.000287
0.000202
0.171917
0.000764
0.000829
0.000875
0.001187
0.000861
0.001039
