0.000853
0.000005
0.000004
0.000003
0.000002
0.000002
0.000002
0.000001
0.000003
0.000128
0.000128
0.000129
0.000107
0.000096
0.000084
0.000066
0.000040
0.000001
0.000000
0.000000
0.000000
0.000000
0.000000
0.000000
0.000000
0.000000
0.000000
0.000000
0.000000
0.000000
0.000000
0.000000
0.000000
0.000000
0.000000
0.000000
0.000000
0.000000
0.000000
0.000000
0.000001
0.000001
0.000001
0.000002
0.000007
0.000234
0.000360
0.000504
0.000631
0.000852
0.001322
0.001360
0.001373
0.001376
0.001376
0.001376
0.001376
0.001379
0.001383
0.001390
0.001395
0.001402
0.001402
0.001402
0.001457
0.001422
0.001411
0.001401
0.001336
0.001308
0.001220
0.000291
0.000263
0.000398
0.000415
0.000445
0.000466
0.000504
0.000586
0.000587
0.000511
0.000096
0.000100
0.000115
0.000571
0.000611
0.000634
0.000671
0.000696
0.000708
0.000729
0.000718
0.000108
0.000094
0.000084
0.000592
0.000691
0.000793
0.000916
0.001067
0.001221
0.001260
0.001311
0.001355
0.001382
0.001414
0.002123
0.002092
0.002079
0.002080
0.002104
0.002148
0.002228
0.002327
0.002448
0.002732
0.002883
0.003060
0.003312
0.003504
0.003691
0.003918
0.004052
0.004280
0.004777
0.006157
0.008328
0.009145
0.009471
0.009912
0.010889
0.013028
0.014049
0.015616
0.017229
0.022758
0.023195
0.024036
0.024888
0.025030
0.025174
0.025380
0.025421
0.025521
0.025740
0.025861
0.026075
0.026256
0.026232
0.026232
0.026243
0.026276
0.026309
0.026433
0.026469
0.026471
0.026463
0.026457
0.026458
0.026454
0.026457
0.026458
0.026454
0.026445
0.026442
0.026441
0.026442
0.026434
0.026191
0.025652
0.024842
0.023744
0.000505
0.000329
0.000351
0.000002
0.000001
0.000000
0.000000
0.000000
0.000000
0.000000
0.000000
0.000000
0.000000
0.000000
0.000000
0.000000
0.000000
0.000000
0.000000
0.000000
0.000000
0.000000
0.000000
0.000000
0.000000
0.000000
0.000000
0.000000
0.000000
0.000000
0.000000
0.000000
0.000000
0.000000
0.000000
0.000000
0.000000
0.000000
0.000000
0.000000
0.000000
0.000000
0.000000
0.000000
0.000000
0.000000
0.000000
0.000000
0.000000
0.000000
0.000000
0.000000
0.000000
0.000000
0.000000
0.000000
0.000000
0.000000
0.000000
0.000000
0.000000
0.000000
0.000000
0.000000
0.000000
0.000000
0.000000
0.000000
0.000000
0.000000
0.000000
0.000000
0.000000
0.000000
0.000000
0.000000
0.000000
0.000000
0.000000
0.000000
0.000000
0.000000
0.000000
0.000000
0.000000
0.000000
0.000000
0.000000
0.000000
0.000000
0.000000
0.000000
0.000000
0.000000
0.000000
0.000000
0.000000
0.000000
0.000000
0.000000
0.000000
0.000000
0.000000
0.000000
0.000000
0.000000
0.000000
0.000000
0.000000
0.000000
0.000000
0.000000
0.000000
0.000000
0.000000
0.000000
0.000000
0.000000
0.000000
0.000000
0.000000
0.000000
0.000000
0.000000
0.000000
0.000000
0.000000
0.000000
0.000000
0.000000
0.000000
0.000000
0.000000
0.000001
0.000000
0.000000
0.000000
0.000000
0.000000
0.000013
0.000001
0.000000
0.000000
0.000000
0.000000
0.000000
0.000000
0.000000
0.000000
0.000000
0.000000
0.000000
0.000000
0.000000
0.000000
0.000000
0.000000
0.000000
0.000000
0.000000
0.000000
0.000000
0.000000
0.000000
0.000000
0.000000
0.000000
0.000000
0.000000
0.000000
0.000001
0.000001
0.000001
0.000001
0.000000
0.000000
0.000000
0.000000
0.000000
0.000000
0.000000
0.000000
0.000000
0.000000
0.000000
0.000000
0.000000
0.000000
0.000000
0.000000
0.000000
0.000000
0.000000
0.000000
0.000000
0.000000
0.000000
0.000000
0.000000
0.000000
0.000000
0.000000
0.000000
0.000000
0.000000
0.000000
0.000000
0.000001
0.000000
0.000000
0.000005
0.000004
0.000004
0.000004
0.000004
0.000004
0.000004
0.000003
0.000004
0.000003
0.000003
0.000004
0.000005
0.000007
0.000008
0.000008
0.000009
0.000009
0.000008
0.000008
0.000007
0.000007
0.000007
0.000007
0.000006
0.000006
0.000007
0.000008
0.000007
0.000007
0.000008
0.000011
0.000010
0.000003
0.000004
0.000002
0.000001
0.000002
0.000003
0.000003
0.000007
0.000007
0.000011
0.000022
0.000019
0.000016
0.000029
0.000027
0.000017
0.000017
0.000017
0.000020
0.000040
0.000062
0.000077
0.000055
0.000046
0.000037
0.000031
0.000027
0.000021
0.000010
0.000006
0.000004
0.000003
0.000002
0.000003
0.000003
0.000002
0.000001
0.000001
0.000000
0.000000
0.000000
0.000000
0.000000
0.000001
0.000001
0.000001
0.000001
0.000001
0.000001
0.000001
0.000001
0.000002
0.000002
0.000002
0.000003
0.000004
0.000031
0.000023
0.000019
0.000013
0.000013
0.000014
0.000019
0.000022
0.000025
0.000056
0.000051
0.000060
0.000116
0.000148
0.000193
0.000206
0.000260
0.000204
0.000121
0.000086
0.000062
0.000046
0.000027
0.000022
0.000016
0.000012
0.000010
0.000009
0.000010
0.000008
0.000009
0.000007
0.000005
0.000005
0.000004
0.000005
0.000006
0.000006
0.000066
0.000043
0.000031
0.000028
0.000030
0.000027
0.326721
0.314285
0.003370
0.003559
0.297452
0.302532
0.330573
0.335065
0.008403
0.345420
0.375466
0.381456
0.394930
0.420807
0.431956
0.443745
0.455593
0.483461
0.492480
0.499298
0.514911
0.576473
0.826744
0.970111
1.013954
1.069507
1.098718
1.124275
1.105451
1.047708
1.065442
1.069535
1.091008
1.114307
1.162727
1.191183
1.216528
1.249438
1.276032
1.273543
1.277672
1.289602
1.294292
1.285916
1.279453
0.006046
0.005863
1.280995
1.255163
1.325833
1.362083
0.000064
0.000050
0.000054
0.000014
0.000009
0.000009
0.000010
0.000012
0.000035
0.000027
0.000036
0.000017
0.000031
0.000030
0.000097
0.000097
0.000042
0.000031
0.000009
0.000150
0.000199
0.000282
0.000272
0.000281
0.000308
1.533978
1.563729
1.616169
1.615548
1.614307
1.600075
1.578314
1.556564
1.538489
1.501609
1.454364
0.702749
1.271034
0.061796
0.060845
1.517864
1.531535
1.476968
1.435973
1.439293
1.395576
1.216034
0.959992
0.765586
0.344801
0.531057
0.566268
0.548508
0.000034
0.000029
0.000020
0.000047
0.000003
0.000002
0.000002
0.000000
0.000000
0.000000
0.000000
0.000002
0.000000
0.000000
0.000002
0.000002
0.000002
0.000002
0.000001
0.000000
0.000000
0.000000
0.000000
0.000000
0.000000
0.000000
0.000000
0.000000
0.000000
0.000001
0.000001
0.000001
0.000002
0.000001
0.000001
0.000001
0.000002
0.000001
0.000001
0.000002
0.000006
0.000005
0.000008
0.000003
0.000010
0.000006
0.000009
0.000020
0.000031
0.000167
0.000025
0.065258
0.065903
0.060428
0.038727
0.037057
0.038546
0.040171
0.041167
0.041416
0.040878
0.040194
0.040330
0.043538
0.044808
0.044675
0.045456
0.048171
0.045795
0.047848
0.048999
0.049691
0.051008
0.051763
0.050078
0.050993
0.051238
0.051980
0.051897
0.051816
0.051900
0.052306
0.052488
0.052400
0.051878
0.050912
0.051140
0.054240
0.053682
0.056565
0.056688
0.059919
0.061620
0.060329
0.075813
0.068174
0.178638
0.202096
0.363710
0.704054
0.849183
1.690978
2.181146
2.358671
2.458732
2.609519
2.669656
2.711460
2.617323
2.569706
2.417180
2.287435
2.132142
1.890613
1.776999
0.000175
0.187661
0.180878
0.003908
0.161681
0.155457
0.144673
0.117734
0.089037
0.086891
0.018083
0.032467
0.160335
0.209678
0.252638
0.282114
1.353675
1.357846
0.000002
0.000001
0.000001
0.000001
0.000004
0.000006
0.000004
0.000001
0.000000
0.000000
0.000001
0.000001
0.000001
0.000001
0.000004
0.000004
0.000004
0.000003
0.000003
0.000003
0.000000
0.000000
0.000001
0.000001
0.000002
0.000002
0.000014
0.000001
0.000001
0.000000
0.000000
0.000000
0.000000
0.000000
0.000000
0.000000
0.000001
0.000001
0.000000
0.000000
0.000000
0.000000
0.000000
0.000000
0.000000
0.000000
0.000011
0.000004
0.000061
0.000061
0.000008
0.000001
0.000004
0.000004
0.000003
0.000001
0.000002
0.000003
0.000007
0.000020
0.000010
0.000021
0.000006
0.000004
0.000003
0.000002
0.000002
0.000002
0.000001
0.000001
0.000001
0.000001
0.000000
0.000001
0.000001
0.000001
0.000002
0.000001
0.000001
0.000022
0.000017
0.000037
0.000053
0.000002
0.000001
0.000001
0.000001
0.000000
0.000000
0.000000
0.000000
0.000001
0.000001
0.000016
0.000004
0.000007
0.000003
0.000011
0.000001
0.000001
0.000000
0.000000
0.000001
0.000000
0.000001
0.000001
0.000002
0.000008
0.000009
0.000009
0.000007
0.000002
0.000002
0.000002
0.000001
0.000001
0.000000
0.000003
0.000002
0.000001
0.000001
0.000002
0.000003
0.000003
0.000004
0.000003
0.000002
0.000000
0.000016
0.000005
0.000004
0.000002
0.000002
0.000003
0.000003
0.000002
0.000003
0.000002
0.000002
0.000001
0.000001
0.000013
0.000008
0.000007
0.000003
0.000002
0.000005
0.000005
0.000003
0.000001
0.000001
0.000005
0.000002
0.000002
0.000003
0.000002
0.000002
0.000001
0.000001
0.000002
1.377720
1.391016
1.384578
0.013999
0.035279
1.619271
1.654493
1.668210
1.697823
1.729995
1.745417
0.146979
0.144480
0.142203
0.142102
0.139868
1.512074
1.529119
1.537047
1.538860
1.563718
1.519926
1.456898
0.420303
0.421958
0.423991
0.414996
0.344863
0.348553
0.304283
0.291328
0.283301
0.279831
0.257266
0.241424
0.229816
0.191316
0.218201
0.233613
0.725528
0.724152
0.728270
0.738995
0.739484
0.735839
0.761242
0.002280
0.000505
0.000334
0.000249
0.000213
0.000225
0.000226
0.562596
0.767769
0.779933
0.560198
0.053516
0.054473
0.058587
0.061330
0.066287
0.063861
0.061274
0.066718
0.068570
0.000022
0.000014
0.000010
0.000016
0.000015
0.000016
0.000017
0.000024
0.000024
0.000025
0.000012
0.000009
0.000027
0.000050
0.000032
0.000009
0.000011
0.000008
0.000021
0.000012
0.000013
0.000026
0.000030
0.000019
0.000021
0.000009
0.000007
0.000012
0.000016
0.000177
0.000112
0.000087
0.000032
0.000019
0.000013
0.000013
0.000019
0.000005
0.000006
0.000016
0.000021
0.000007
0.000005
0.000006
0.000006
0.000007
0.000006
0.000023
0.000036
0.000028
0.000017
0.000013
0.000013
0.000009
0.000006
0.000007
0.000031
0.000058
0.000052
0.000037
0.000018
0.000029
0.000012
0.000012
0.000010
0.000009
0.000008
0.000009
0.000009
0.000010
0.000010
0.000061
0.000060
0.000040
0.000014
0.000014
0.000024
0.000048
0.000026
0.000018
0.000016
0.000019
0.000024
0.000014
0.000027
0.000081
0.000141
0.000098
0.000086
0.000160
0.000166
0.000310
0.099325
0.968497
1.004708
1.067630
1.127092
1.210929
1.742206
0.010379
1.798850
1.908337
1.996284
2.106958
2.220062
2.367334
2.587099
2.763183
2.974762
3.082516
3.079678
3.012531
2.963061
2.737119
2.603712
2.358778
2.215867
0.007483
0.007695
0.264000
0.266496
0.278691
0.280257
0.033128
0.033989
0.033941
0.034301
0.062643
0.064377
0.334391
0.362188
0.391975
2.009367
2.071114
2.156673
2.121123
2.080192
1.958675
1.877799
1.822108
1.156760
1.118699
1.595275
1.635605
1.662092
1.677156
1.638148
1.614583
1.599146
1.577096
1.348003
1.283239
0.000004
0.000002
0.000007
0.000011
0.000004
0.000005
0.000005
0.000003
0.000012
0.000008
0.000010
0.000014
0.000009
0.000007
0.000013
0.000011
0.000002
0.000004
0.000002
0.000007
0.000001
0.000001
0.000001
0.000001
0.000004
1.733065
1.725239
1.741168
1.696769
1.630514
1.527408
1.451751
1.386468
0.064273
1.239980
1.264800
1.261878
1.279307
1.288526
0.076039
0.074113
0.080350
0.090988
0.089855
0.083420
0.071074
0.069199
0.060076
0.000006
0.000005
0.000010
0.000015
0.000008
0.000007
0.000011
0.000064
0.000004
0.000003
0.000002
0.000002
0.000004
0.000006
0.000004
0.000018
0.000025
0.000005
0.000002
0.000009
0.000009
0.000007
0.000003
0.000005
0.000007
0.000005
0.000005
0.000003
0.000005
0.000019
0.000010
0.000009
0.000008
0.000004
0.000036
0.000027
0.000002
0.000002
0.000004
0.000005
0.000009
0.000019
0.000017
0.000050
0.000057
0.000198
1.157736
1.300813
1.385125
1.469119
1.665994
1.768483
1.996235
2.141369
2.377483
2.676769
3.140133
3.429086
3.485391
3.530956
3.591056
3.718126
3.917754
3.962605
0.106909
0.107372
0.107415
0.000026
0.000030
0.000033
0.000026
0.000019
0.000022
0.000008
0.000007
0.000006
0.000006
0.000007
0.000014
0.000026
0.000012
0.000035
0.000010
0.000018
0.000017
0.000055
0.000042
0.000018
0.000012
0.000013
0.000011
0.000005
0.000002
0.000003
0.000003
0.000004
0.000005
0.000007
0.000012
0.000013
0.000017
0.000009
0.000005
0.000016
0.000011
0.000013
0.000013
0.000009
0.000007
0.000028
0.000014
0.000039
0.000059
0.000021
0.000011
0.000011
0.000007
0.000004
0.000002
0.000002
0.000003
0.000012
0.000014
0.000021
0.000015
0.000035
0.000050
0.000004
0.000002
0.000002
0.000002
0.000006
0.000039
0.000040
0.000031
0.000009
0.000004
0.000003
0.000002
0.000008
0.000004
0.000015
0.000023
0.000098
0.000040
0.000008
0.000005
0.000004
0.000011
0.000016
0.000007
0.000008
0.000058
0.000073
0.000063
0.000057
0.000113
0.000174
0.000006
0.000004
0.000005
0.000018
0.000077
0.000012
0.000019
0.000014
0.000075
0.000083
0.000098
0.000359
0.000002
0.000006
0.000004
0.000004
0.000004
0.000003
0.000002
0.000000
0.000000
0.000000
0.000000
0.000000
0.000000
0.000000
0.000000
0.000000
0.000000
0.000000
0.000000
0.000000
0.000000
0.000001
0.000000
0.000001
0.000002
0.000001
0.000001
0.000001
0.000002
0.000001
0.000001
0.000001
0.000001
0.000000
0.000001
0.000001
0.000002
0.000003
0.000005
0.000003
0.000003
0.000003
0.000002
0.000001
0.000005
0.000002
0.000002
0.000004
0.000002
0.000002
0.000001
0.000001
0.000000
0.000000
0.000001
0.000000
0.000000
0.000000
0.000000
0.000001
0.000001
0.000001
0.000002
0.000000
0.000002
0.000002
0.000005
0.000008
0.000012
0.000130
0.000003
0.000007
0.000036
0.000001
0.000001
0.000001
0.000001
0.000002
0.000029
4.152037
4.226211
4.257377
4.287113
4.298258
4.290877
4.287696
4.285421
4.272189
4.255214
4.240081
0.116173
0.115664
0.114255
0.112659
0.107322
0.106156
0.105303
0.106356
4.234285
3.804067
3.488868
0.517910
1.057323
2.220960
2.235771
2.156732
1.188304
2.996231
2.960697
2.992187
0.002735
0.001865
0.000221
0.000620
0.000679
0.000810
0.000954
0.000925
0.000836
0.000884
0.000951
0.001019
0.001136
0.001249
0.001358
0.001392
0.001380
0.001399
0.001295
0.000059
0.000060
0.000056
0.000026
0.000016
0.000017
0.000020
0.000017
0.000160
0.000264
0.000210
0.000277
0.000287
0.000295
0.000183
0.000171
0.000187
0.000181
0.000206
0.000194
0.000174
0.000170
0.000187
0.000203
0.000262
0.000269
0.000293
0.000254
0.000255
0.000247
0.000261
0.000282
0.000300
0.000282
0.000260
0.000252
0.000214
0.000018
0.000021
0.000023
0.000032
0.000042
0.000338
0.000412
0.000445
0.000514
0.000524
0.000525
0.000528
0.000519
0.000045
0.000028
0.000008
0.000013
0.000012
0.000007
0.000011
0.000010
0.000008
0.000008
0.000017
0.000017
0.000014
0.000012
0.000010
0.000706
0.000795
0.001157
0.001385
0.001536
0.001607
0.001626
0.001634
0.001642
0.001639
0.001641
0.001640
0.001647
0.001638
0.001646
0.001665
0.001686
0.001659
0.001684
0.001679
0.001652
0.001622
0.001562
0.001351
0.000062
0.000073
0.000080
0.000066
0.000063
0.000066
0.000087
0.000925
0.001662
0.001772
0.001945
0.002653
0.004397
3.022695
3.103776
3.047279
2.963624
2.748567
2.632745
2.630307
2.469690
0.000000
0.000000
0.000000
0.000000
0.000000
0.000000
0.000000
0.000000
0.000000
0.000000
0.000000
0.000000
0.000000
0.000000
0.000000
0.000000
0.000000
0.000000
0.000000
0.000001
0.000000
0.000000
0.000000
0.000000
0.000000
0.000000
0.000000
0.000000
0.000000
0.000000
0.000000
0.000000
0.000000
0.000000
0.000000
0.000000
0.000000
0.000002
0.000000
0.000000
0.000000
0.000001
0.000000
0.000000
0.000000
0.000000
0.000000
0.000000
0.000000
0.000000
0.000000
0.000001
0.000004
0.000006
0.000003
0.000002
0.000002
0.000037
0.000031
0.000006
0.000002
0.000001
0.000000
0.000000
0.000000
0.000000
0.000000
0.000000
0.000000
0.000000
0.000000
0.000000
0.000000
0.000000
0.000000
0.000000
0.000001
0.000000
0.000000
0.000000
0.000000
0.000000
0.000001
0.000005
0.000004
0.000002
0.000001
0.000000
0.000000
0.000000
0.000000
0.166346
0.389312
2.775749
3.023791
3.038407
3.061400
0.023141
0.019189
0.000420
0.000464
0.000156
3.114580
3.110411
3.237698
3.269548
3.287009
0.088950
0.085805
0.080432
0.078261
0.075267
0.030614
0.031925
0.006429
0.054901
0.049010
0.032334
3.482701
3.514192
3.545461
3.513771
0.003674
0.003649
0.003604
0.003603
0.003604
0.003630
0.003645
0.003612
0.003575
0.003559
0.003621
0.003600
0.001724
0.001813
0.002301
0.002724
0.002646
0.001308
0.001408
0.001395
0.001778
0.001923
0.001974
0.001285
0.001222
0.001109
0.001540
0.001789
0.001930
0.002017
0.002021
0.002031
0.001988
0.001942
0.002005
3.484521
3.472054
3.453858
3.366036
3.283929
0.000002
0.000001
0.000002
0.000000
0.000000
0.000000
0.000000
0.000001
0.000008
0.000006
0.000008
0.000010
0.000013
0.000000
0.000000
0.000001
0.000005
0.000006
0.000005
0.000006
0.000008
0.000009
0.000000
0.000000
0.000000
0.000000
0.000000
0.000000
0.000001
0.000000
0.000000
0.000001
0.000001
0.000002
0.000000
0.000001
0.000001
0.000000
0.000000
0.000001
0.000001
0.000000
0.000000
0.000002
0.000003
0.000001
0.000000
0.000001
0.000001
0.000001
0.000001
0.000000
0.000001
0.000002
0.000002
0.000001
0.000001
0.000001
0.000000
0.000000
0.000000
0.000000
0.000000
0.000000
0.000001
0.000000
0.000000
0.000000
0.000000
0.000000
0.000000
0.000001
0.000001
0.000001
0.000000
0.000001
0.000001
0.000001
0.000000
0.000000
0.000000
0.000000
0.000000
0.000000
0.000000
0.000000
0.000000
0.000000
0.000000
0.000000
0.000000
0.000000
0.000001
0.000001
0.000005
0.000001
0.000005
0.000005
0.000001
0.000001
0.000001
0.000001
0.000001
0.000003
0.000003
0.000003
0.000001
0.000001
0.000001
0.000001
0.000001
0.000001
0.000001
0.000005
0.000003
0.000010
0.000008
0.000001
0.000006
0.000019
0.000011
0.000028
0.000029
0.000069
0.000066
0.000033
0.000023
0.000025
0.000027
0.000076
0.000045
0.000017
0.000031
0.000052
0.000101
0.000009
0.000008
0.000007
0.000005
0.000006
0.000007
0.000017
0.000015
0.000016
0.000015
0.000007
0.000013
0.000021
3.226216
3.226572
3.210891
3.085190
2.997563
0.000128
2.974165
2.898541
2.777425
2.688803
2.569626
2.439839
0.008432
0.008085
0.007545
0.007271
2.359274
2.310390
2.272436
2.255885
2.229244
0.000392
0.001882
0.001926
0.001920
0.001912
0.001920
0.001896
0.001891
0.001830
0.001805
0.001795
0.001819
0.001734
0.001660
0.001487
0.001490
0.000968
0.000972
0.000938
0.000753
0.000598
0.000496
0.000449
0.000416
0.000249
0.000165
0.000036
0.000025
0.000280
0.000264
0.000318
0.000349
0.000377
0.000464
0.000496
1.901121
1.825230
1.769586
1.996228
1.922486
1.788908
1.744980
1.723671
1.666487
1.627837
1.447526
1.374788
0.019620
0.012569
0.008897
0.008725
0.008684
0.008394
0.007693
0.170494
0.174018
0.000426
0.000178
0.000162
0.000190
0.000150
0.000315
0.000182
0.000261
0.000196
0.000137
0.000417
0.000256
0.000268
0.000283
0.000239
1.031376
1.018076
0.982420
0.942779
0.843469
0.834246
0.818029
0.801934
0.784934
0.750272
0.721992
0.657739
0.429594
0.602270
0.536270
0.515524
0.248323
0.240653
0.191402
0.031267
0.207739
0.186257
0.177354
0.190025
0.181677
0.161744
0.153525
0.133530
0.109254
0.168547
0.177713
0.177123
0.179494
0.023778
0.111175
0.110215
0.106477
0.095112
0.087684
0.074915
0.070726
0.023711
0.090562
0.099192
0.116403
0.107149
0.120930
0.157550
0.185662
0.204082
0.211784
0.214826
0.364817
0.340821
0.333018
0.330856
0.162317
0.158632
0.013281
0.018040
0.006728
0.007828
0.025061
0.143156
0.156018
0.154345
0.156495
0.037242
0.155400
0.175358
0.187155
0.080147
0.071863
0.077963
0.080755
0.318092
0.391064
0.463431
0.000059
0.000035
0.000025
0.000050
0.000048
0.000046
0.000046
0.000061
0.000039
0.000058
0.000044
0.000041
0.000046
0.000040
0.000034
0.000080
0.000094
0.000351
0.000096
0.000297
0.000453
0.000534
0.000594
0.000004
0.000004
0.000002
0.000014
0.000005
0.000003
0.000003
0.000002
0.000003
0.000006
0.000010
0.000001
0.000001
0.000002
0.000005
0.000006
0.000020
0.000018
0.000002
0.000003
0.000002
0.000004
0.000018
0.000017
0.000001
0.000001
0.000001
0.000001
0.000001
0.000001
0.000001
0.000001
0.000001
0.000002
0.000001
0.000000
0.000001
0.000001
0.000001
0.000002
0.000002
0.000005
0.000002
0.000001
0.000001
0.000005
0.000001
0.000000
0.000000
0.000000
0.000000
0.000001
0.000000
0.000000
0.000002
0.000001
0.000002
0.000000
0.000000
0.000001
0.000001
0.000001
0.000000
0.000000
0.000000
0.000001
0.000013
0.000004
0.000004
0.000007
0.000004
0.000014
0.000002
0.000002
0.000001
0.000001
0.000003
0.000004
0.000009
0.000009
0.000002
0.000001
0.000001
0.000001
0.000001
0.000012
0.000008
0.000006
0.000006
0.000004
0.000004
0.000002
0.000002
0.000002
0.000006
0.000004
0.000002
0.000003
0.000003
0.000007
0.000008
0.000009
0.000013
0.000010
0.000003
0.000003
0.000015
0.000005
0.000008
0.000012
0.000012
0.000011
0.000004
0.000006
0.000004
0.000004
0.000004
0.000006
0.000004
0.000004
0.000003
0.000002
0.000009
0.000012
0.000005
0.000004
0.000003
0.000004
0.000004
0.000004
0.000004
0.000007
0.000007
0.000006
0.000012
0.000017
0.000019
0.000010
0.000010
0.000010
0.000011
0.000010
0.000009
0.000016
0.000017
0.000123
0.000041
0.000063
0.000078
0.000034
0.000031
0.000034
0.000016
0.000018
0.000038
0.000040
0.000039
0.000050
0.000048
0.000145
0.000239
0.000525
0.001416
0.001332
1.044965
1.187502
1.326826
1.471025
1.637172
1.834211
2.198179
2.470928
0.014120
0.018268
4.558892
5.090444
5.116290
5.129828
5.127974
5.090519
5.056926
5.003739
4.940975
4.890361
0.018534
0.025407
4.887805
4.907795
4.954408
5.011530
5.065141
5.153775
5.230878
5.236173
5.226265
4.954592
4.951008
5.031869
5.097945
5.109546
5.114114
5.136448
4.726818
4.454608
4.264260
4.059974
0.024199
0.018136
0.029074
1.877974
1.815012
1.654316
1.117555
0.000696
0.000233
0.000121
0.000085
0.000091
0.000085
0.000084
0.000110
0.000171
0.000780
0.000635
0.028926
0.028750
2.010806
2.282744
2.647390
4.956851
4.972025
4.964370
4.945536
4.867023
4.777141
0.001873
0.001091
0.000522
0.000175
0.000088
0.000088
0.000138
0.000065
0.000061
0.000016
0.000021
0.000017
0.000010
0.000009
0.000012
0.000026
0.000025
0.000016
0.000046
0.000032
0.000060
0.000175
0.000080
0.000085
0.000073
0.000045
0.000031
0.000012
0.000021
0.000017
0.000018
0.000010
0.000011
0.000010
0.000011
0.000013
0.000012
0.000009
0.000022
0.000018
0.000013
0.000019
0.000009
0.000009
0.000010
0.000005
0.000007
0.000055
0.000024
0.000030
0.000018
0.000027
0.000054
0.000077
0.000110
0.000154
4.537889
4.581548
4.424500
4.431758
4.448488
4.417663
4.418579
4.374738
4.309683
2.301025
0.028136
0.015218
0.000176
0.000329
0.000079
0.000035
0.000024
0.000010
0.000008
0.000012
0.000023
0.000010
0.000015
0.000056
0.000036
0.000012
0.165241
0.000009
0.000011
0.000041
0.000013
0.000013
0.000017
0.000011
0.000010
0.000017
0.000014
0.000023
0.000121
0.000682
4.095403
